Arguments: 
  /usr/local/Cellar/node/12.9.1/bin/node /usr/local/Cellar/yarn/1.17.3/libexec/bin/yarn.js add -D eslint eslint-prettier-config

PATH: 
  /Users/ftpaul/.rvm/gems/ruby-2.0.0-p247/bin:/Users/ftpaul/.rvm/gems/ruby-2.0.0-p247@global/bin:/Users/ftpaul/.rvm/rubies/ruby-2.0.0-p247/bin:/Users/ftpaul/.rvm/bin:/Users/ftpaul/.rvm/bin:/usr/local/bin:/usr/bin:/bin:/usr/sbin:/sbin:/opt/X11/bin

Yarn version: 
  1.17.3

Node version: 
  12.9.1

Platform: 
  darwin x64

Trace: 
  Error: https://registry.yarnpkg.com/eslint-prettier-config: Not found
      at Request.params.callback [as _callback] (/usr/local/Cellar/yarn/1.17.3/libexec/lib/cli.js:66830:18)
      at Request.self.callback (/usr/local/Cellar/yarn/1.17.3/libexec/lib/cli.js:140464:22)
      at Request.emit (events.js:209:13)
      at Request.<anonymous> (/usr/local/Cellar/yarn/1.17.3/libexec/lib/cli.js:141436:10)
      at Request.emit (events.js:209:13)
      at IncomingMessage.<anonymous> (/usr/local/Cellar/yarn/1.17.3/libexec/lib/cli.js:141358:12)
      at Object.onceWrapper (events.js:297:20)
      at IncomingMessage.emit (events.js:214:15)
      at endReadableNT (_stream_readable.js:1178:12)
      at processTicksAndRejections (internal/process/task_queues.js:77:11)

npm manifest: 
  {
    "name": "adopt-me",
    "version": "1.0.0",
    "main": "index.js",
    "scripts": {
      "formart": "prettier \"src/**/*.{js,html}\" --write",
      "test": "echo \"Error: no test specified\" && exit 1"
    },
    "repository": "git@github.com:ftpaul/react-frontendmasters-course.git",
    "author": "ftpaul <ftpaul@gmail.com>",
    "license": "MIT",
    "devDependencies": {
      "prettier": "1.18.2"
    }
  }

yarn manifest: 
  No manifest

Lockfile: 
  # THIS IS AN AUTOGENERATED FILE. DO NOT EDIT THIS FILE DIRECTLY.
  # yarn lockfile v1
  
  
  prettier@1.18.2:
    version "1.18.2"
    resolved "https://registry.yarnpkg.com/prettier/-/prettier-1.18.2.tgz#6823e7c5900017b4bd3acf46fe9ac4b4d7bda9ea"
    integrity sha512-OeHeMc0JhFE9idD4ZdtNibzY0+TPHSpSSb9h8FqtP+YnoZZ1sl8Vc9b1sasjfymH3SonAF4QcA2+mzHPhMvIiw==
